<?xml version="1.0" encoding="UTF-8"?>
<testsuite name="com.oputechlab.mastering.controller.AccountControllerUnitTest" tests="1" skipped="0" failures="0" errors="0" timestamp="2025-03-11T17:31:09" hostname="bambangs-MBP.duitku.local" time="1.652">
  <properties/>
  <testcase name="testSubmitData_Success()" classname="com.oputechlab.mastering.controller.AccountControllerUnitTest" time="1.652"/>
  <system-out><![CDATA[]]></system-out>
  <system-err><![CDATA[]]></system-err>
</testsuite>
